./mdriver -v
Team Name:Steam
Member 1 :syh:P29123@126.com
Using default tracefiles in traces/
Measuring performance with gettimeofday().
max total size: 2012279, heap size: 2023768
max total size: 1679165, heap size: 1697736
max total size: 3165325, heap size: 3204280
max total size: 3421135, heap size: 3434480
max total size: 8190, heap size: 8400
max total size: 14939697, heap size: 16025808
max total size: 14432586, heap size: 15444128
max total size: 1152000, heap size: 1184192
max total size: 576000, heap size: 640144
max total size: 615040, heap size: 615640
max total size: 28119, heap size: 28288

Results for mm malloc:
trace  valid  util     ops        secs    Kops  total secs
 0       yes   99%    5694    0.000034  168163    0.000339
 1       yes   99%    5848    0.000032  183726    0.000318
 2       yes   99%    6648    0.000036  183697    0.000362
 3       yes  100%    5380    0.000029  188441    0.000285
 4       yes   98%   14400    0.000060  241976    0.000595
 5       yes   93%    4800    0.000082   58189    0.000825
 6       yes   93%    4800    0.000075   64300    0.000746
 7       yes   97%   12000    0.000057  212164    0.000566
 8       yes   90%   24000    0.000120  199617    0.001202
 9       yes  100%   14401    0.000050  285677    0.000504
10       yes   99%   14401    0.000039  372890    0.000386
Total          97%  112372    0.000613  183345    0.006129

Perf index = 58 (util) + 40 (thru) = 98/100